<?xml version="1.0" encoding="UTF-8"?>
<testsuite xmlns:xsi="http://www.w3.org/2001/XMLSchema-instance" xsi:noNamespaceSchemaLocation="https://maven.apache.org/surefire/maven-surefire-plugin/xsd/surefire-test-report.xsd" name="runner.Runner" time="18.358" tests="2" errors="0" skipped="0" failures="0">
  <properties>
[...]
</properties>
  <testcase name="User has to test if login on rediff is successful or not" classname="Testing rediff myPage" time="9.475"/>
  <testcase name="(Testing rediff myPage)" classname="Testing rediff myPage" time="8.197"/>
</testsuite>